  [1m[36m (396.5ms)[0m  [1mCREATE TABLE `schema_migrations` (`version` varchar(255) NOT NULL) ENGINE=InnoDB[0m
  [1m[35m (959.9ms)[0m  CREATE UNIQUE INDEX `unique_schema_migrations`  ON `schema_migrations` (`version`) 
  [1m[36mActiveRecord::SchemaMigration Load (3.0ms)[0m  [1mSELECT `schema_migrations`.* FROM `schema_migrations`[0m
Migrating to CreateTestusers (20150625210237)
  [1m[35m (503.4ms)[0m  CREATE TABLE `testusers` (`id` int(11) auto_increment PRIMARY KEY, `first_name` varchar(255), `last_name` varchar(255), `role` varchar(255), `created_at` datetime NOT NULL, `updated_at` datetime NOT NULL) ENGINE=InnoDB
  [1m[36m (5.8ms)[0m  [1mBEGIN[0m
  [1m[35mSQL (7.2ms)[0m  INSERT INTO `schema_migrations` (`version`) VALUES ('20150625210237')
  [1m[36m (59.5ms)[0m  [1mCOMMIT[0m
  [1m[35mActiveRecord::SchemaMigration Load (3.9ms)[0m  SELECT `schema_migrations`.* FROM `schema_migrations`
  [1m[36m (17.6ms)[0m  [1mSELECT fk.referenced_table_name as 'to_table'
      ,fk.referenced_column_name as 'primary_key'
      ,fk.column_name as 'column'
      ,fk.constraint_name as 'name'
FROM information_schema.key_column_usage fk
WHERE fk.referenced_column_name is not null
  AND fk.table_schema = 'jeffo_sql'
  AND fk.table_name = 'testusers'
[0m
  [1m[35m (3.9ms)[0m  SHOW CREATE TABLE `testusers`
  [1m[36m (382.9ms)[0m  [1mCREATE TABLE `schema_migrations` (`version` varchar(255) NOT NULL) ENGINE=InnoDB[0m
  [1m[35m (784.1ms)[0m  CREATE UNIQUE INDEX `unique_schema_migrations`  ON `schema_migrations` (`version`) 
  [1m[36mActiveRecord::SchemaMigration Load (2.8ms)[0m  [1mSELECT `schema_migrations`.* FROM `schema_migrations`[0m
Migrating to CreateTestusers (20150625210237)
  [1m[35m (45932.7ms)[0m  CREATE TABLE `testusers` (`id` int(11) auto_increment PRIMARY KEY, `first_name` varchar(255), `last_name` varchar(255), `role` varchar(255), `created_at` datetime NOT NULL, `updated_at` datetime NOT NULL) ENGINE=ibmdb2i
  [1m[36m (6.9ms)[0m  [1mBEGIN[0m
  [1m[35mSQL (5.0ms)[0m  INSERT INTO `schema_migrations` (`version`) VALUES ('20150625210237')
  [1m[36m (69.5ms)[0m  [1mCOMMIT[0m
  [1m[35mActiveRecord::SchemaMigration Load (3.4ms)[0m  SELECT `schema_migrations`.* FROM `schema_migrations`
  [1m[36m (3.2ms)[0m  [1mSELECT fk.referenced_table_name as 'to_table'
      ,fk.referenced_column_name as 'primary_key'
      ,fk.column_name as 'column'
      ,fk.constraint_name as 'name'
FROM information_schema.key_column_usage fk
WHERE fk.referenced_column_name is not null
  AND fk.table_schema = 'jeffo_sql'
  AND fk.table_name = 'testusers'
[0m
  [1m[35m (2.4ms)[0m  SHOW CREATE TABLE `testusers`
